<?xml version="1.0" encoding="UTF-8"?>
<testng-results skipped="0" failed="0" ignored="0" total="1" passed="1">
  <reporter-output>
  </reporter-output>
  <suite name="Suite" duration-ms="134" started-at="2017-11-11T04:54:35Z" finished-at="2017-11-11T04:54:35Z">
    <groups>
    </groups>
    <test name="Test" duration-ms="134" started-at="2017-11-11T04:54:35Z" finished-at="2017-11-11T04:54:35Z">
      <class name="Maven_Demo.Maven_Demo.App">
        <test-method status="PASS" signature="main()[pri:0, instance:Maven_Demo.Maven_Demo.App@1ffe63b9]" name="main" duration-ms="31" started-at="2017-11-11T10:24:35Z" finished-at="2017-11-11T10:24:35Z">
          <reporter-output>
          </reporter-output>
        </test-method> <!-- main -->
      </class> <!-- Maven_Demo.Maven_Demo.App -->
    </test> <!-- Test -->
  </suite> <!-- Suite -->
</testng-results>
